#
# There is insufficient memory for the Java Runtime Environment to continue.
# Native memory allocation (mmap) failed to map 268435456 bytes for G1 virtual space
# Possible reasons:
#   The system is out of physical RAM or swap space
#   The process is running with CompressedOops enabled, and the Java Heap may be blocking the growth of the native heap
# Possible solutions:
#   Reduce memory load on the system
#   Increase physical memory or swap space
#   Check if swap backing store is full
#   Decrease Java heap size (-Xmx/-Xms)
#   Decrease number of Java threads
#   Decrease Java thread stack sizes (-Xss)
#   Set larger code cache with -XX:ReservedCodeCacheSize=
#   JVM is running with Zero Based Compressed Oops mode in which the Java heap is
#     placed in the first 32GB address space. The Java Heap base address is the
#     maximum limit for the native heap growth. Please use -XX:HeapBaseMinAddress
#     to set the Java Heap base and to place the Java Heap above 32GB virtual address.
# This output file may be truncated or incomplete.
#
#  Out of Memory Error (os_windows.cpp:3753), pid=13868, tid=8784
#
# JRE version:  (17.0.4.1+7) (build )
# Java VM: OpenJDK 64-Bit Server VM (17.0.4.1+7-b469.62, mixed mode, sharing, tiered, compressed oops, compressed class ptrs, g1 gc, windows-amd64)
# No core dump will be written. Minidumps are not enabled by default on client versions of Windows
#

---------------  S U M M A R Y ------------

Command Line: git4idea.http.GitAskPassApp Username for 'https://github.com': 

Host: AMD Ryzen 5 1600 Six-Core Processor            , 12 cores, 15G,  Windows 10 , 64 bit Build 18362 (10.0.18362.1500)
Time: Tue Nov 15 16:12:49 2022 RTZ 2 (зима) elapsed time: 0.034232 seconds (0d 0h 0m 0s)

---------------  T H R E A D  ---------------

Current thread (0x000002abe6da2930):  JavaThread "Unknown thread" [_thread_in_vm, id=8784, stack(0x000000d906f00000,0x000000d907000000)]

Stack: [0x000000d906f00000,0x000000d907000000]
Native frames: (J=compiled Java code, j=interpreted, Vv=VM code, C=native code)
V  [jvm.dll+0x68356a]
V  [jvm.dll+0x83fab4]
V  [jvm.dll+0x84125e]
V  [jvm.dll+0x8418c3]
V  [jvm.dll+0x249735]
V  [jvm.dll+0x680439]
V  [jvm.dll+0x674a7a]
V  [jvm.dll+0x30956b]
V  [jvm.dll+0x310a26]
V  [jvm.dll+0x36089e]
V  [jvm.dll+0x360acf]
V  [jvm.dll+0x2df658]
V  [jvm.dll+0x2e05c4]
V  [jvm.dll+0x8112a1]
V  [jvm.dll+0x36e6f1]
V  [jvm.dll+0x7f076c]
V  [jvm.dll+0x3f180f]
V  [jvm.dll+0x3f3351]
C  [jli.dll+0x526b]
C  [ucrtbase.dll+0x210b2]
C  [KERNEL32.DLL+0x17c24]
C  [ntdll.dll+0x6d721]


---------------  P R O C E S S  ---------------

Threads class SMR info:
_java_thread_list=0x00007ffe1dad7f58, length=0, elements={
}

Java Threads: ( => current thread )

Other Threads:
  0x000002abe6e0eb70 GCTaskThread "GC Thread#0" [stack: 0x000000d907000000,0x000000d907100000] [id=7708]
  0x000002abe6e1f9f0 ConcurrentGCThread "G1 Main Marker" [stack: 0x000000d907100000,0x000000d907200000] [id=18240]
  0x000002abe6e20ba0 ConcurrentGCThread "G1 Conc#0" [stack: 0x000000d907200000,0x000000d907300000] [id=17828]

[error occurred during error reporting (printing all threads), id 0xc0000005, EXCEPTION_ACCESS_VIOLATION (0xc0000005) at pc=0x00007ffe1d290217]

VM state: not at safepoint (not fully initialized)

VM Mutex/Monitor currently owned by a thread:  ([mutex/lock_event])
[0x000002abe6d9cd20] Heap_lock - owner thread: 0x000002abe6da2930

Heap address: 0x0000000700c00000, size: 4084 MB, Compressed Oops mode: Zero based, Oop shift amount: 3

CDS archive(s) mapped at: [0x0000000000000000-0x0000000000000000-0x0000000000000000), size 0, SharedBaseAddress: 0x0000000800000000, ArchiveRelocationMode: 0.
Narrow klass base: 0x0000000000000000, Narrow klass shift: 0, Narrow klass range: 0x0

GC Precious Log:
<Empty>

Heap:
 garbage-first heap   total 0K, used 0K [0x0000000700c00000, 0x0000000800000000)
  region size 2048K, 0 young (0K), 0 survivors (0K)

[error occurred during error reporting (printing heap information), id 0xc0000005, EXCEPTION_ACCESS_VIOLATION (0xc0000005) at pc=0x00007ffe1d67d1f9]

GC Heap History (0 events):
No events

Deoptimization events (0 events):
No events

Classes unloaded (0 events):
No events

Classes redefined (0 events):
No events

Internal exceptions (0 events):
No events

VM Operations (0 events):
No events

Events (1 events):
Event: 0.012 Loaded shared library C:\Program Files\JetBrains\WebStorm 2022.2.3\jbr\bin\java.dll


Dynamic libraries:
0x00007ff6499c0000 - 0x00007ff6499ca000 	C:\Program Files\JetBrains\WebStorm 2022.2.3\jbr\bin\java.exe
0x00007ffe71e20000 - 0x00007ffe72010000 	C:\windows\SYSTEM32\ntdll.dll
0x00007ffe70af0000 - 0x00007ffe70ba2000 	C:\windows\System32\KERNEL32.DLL
0x00007ffe6fbf0000 - 0x00007ffe6fe95000 	C:\windows\System32\KERNELBASE.dll
0x00007ffe6edc0000 - 0x00007ffe6eeba000 	C:\windows\System32\ucrtbase.dll
0x00007ffe51bc0000 - 0x00007ffe51bdb000 	C:\Program Files\JetBrains\WebStorm 2022.2.3\jbr\bin\VCRUNTIME140.dll
0x00007ffe548d0000 - 0x00007ffe548e7000 	C:\Program Files\JetBrains\WebStorm 2022.2.3\jbr\bin\jli.dll
0x00007ffe70f90000 - 0x00007ffe71124000 	C:\windows\System32\USER32.dll
0x00007ffe63710000 - 0x00007ffe63994000 	C:\windows\WinSxS\amd64_microsoft.windows.common-controls_6595b64144ccf1df_6.0.18362.1556_none_9e7e372fe45e41d5\COMCTL32.dll
0x00007ffe6fbc0000 - 0x00007ffe6fbe1000 	C:\windows\System32\win32u.dll
0x00007ffe711e0000 - 0x00007ffe7127e000 	C:\windows\System32\msvcrt.dll
0x00007ffe71c40000 - 0x00007ffe71c66000 	C:\windows\System32\GDI32.dll
0x00007ffe71490000 - 0x00007ffe717c6000 	C:\windows\System32\combase.dll
0x00007ffe6fa20000 - 0x00007ffe6fbb8000 	C:\windows\System32\gdi32full.dll
0x00007ffe70bf0000 - 0x00007ffe70d0f000 	C:\windows\System32\RPCRT4.dll
0x00007ffe6f980000 - 0x00007ffe6fa1e000 	C:\windows\System32\msvcp_win.dll
0x00007ffe6ef40000 - 0x00007ffe6efc1000 	C:\windows\System32\bcryptPrimitives.dll
0x00007ffe70bb0000 - 0x00007ffe70bde000 	C:\windows\System32\IMM32.DLL
0x00007ffe69cb0000 - 0x00007ffe69cbc000 	C:\Program Files\JetBrains\WebStorm 2022.2.3\jbr\bin\vcruntime140_1.dll
0x00007ffe3d740000 - 0x00007ffe3d7cd000 	C:\Program Files\JetBrains\WebStorm 2022.2.3\jbr\bin\msvcp140.dll
0x00007ffe1cfa0000 - 0x00007ffe1dc09000 	C:\Program Files\JetBrains\WebStorm 2022.2.3\jbr\bin\server\jvm.dll
0x00007ffe71130000 - 0x00007ffe711d3000 	C:\windows\System32\ADVAPI32.dll
0x00007ffe6fec0000 - 0x00007ffe6ff57000 	C:\windows\System32\sechost.dll
0x00007ffe70be0000 - 0x00007ffe70be8000 	C:\windows\System32\PSAPI.DLL
0x00007ffe69290000 - 0x00007ffe6929a000 	C:\windows\SYSTEM32\VERSION.dll
0x00007ffe6c9e0000 - 0x00007ffe6ca04000 	C:\windows\SYSTEM32\WINMM.dll
0x00007ffe49220000 - 0x00007ffe49229000 	C:\windows\SYSTEM32\WSOCK32.dll
0x00007ffe6c9b0000 - 0x00007ffe6c9dd000 	C:\windows\SYSTEM32\winmmbase.dll
0x00007ffe6eec0000 - 0x00007ffe6ef0a000 	C:\windows\System32\cfgmgr32.dll
0x00007ffe708c0000 - 0x00007ffe7092f000 	C:\windows\System32\WS2_32.dll
0x00007ffe6ecd0000 - 0x00007ffe6ece1000 	C:\windows\System32\kernel.appcore.dll
0x00007ffe6b300000 - 0x00007ffe6b30a000 	C:\Program Files\JetBrains\WebStorm 2022.2.3\jbr\bin\jimage.dll
0x00007ffe63a20000 - 0x00007ffe63c14000 	C:\windows\SYSTEM32\DBGHELP.DLL
0x00007ffe57eb0000 - 0x00007ffe57eda000 	C:\windows\SYSTEM32\dbgcore.DLL
0x00007ffe66d30000 - 0x00007ffe66d55000 	C:\Program Files\JetBrains\WebStorm 2022.2.3\jbr\bin\java.dll

dbghelp: loaded successfully - version: 4.0.5 - missing functions: none
symbol engine: initialized successfully - sym options: 0x614 - pdb path: .;C:\Program Files\JetBrains\WebStorm 2022.2.3\jbr\bin;C:\windows\SYSTEM32;C:\windows\WinSxS\amd64_microsoft.windows.common-controls_6595b64144ccf1df_6.0.18362.1556_none_9e7e372fe45e41d5;C:\Program Files\JetBrains\WebStorm 2022.2.3\jbr\bin\server

VM Arguments:
java_command: git4idea.http.GitAskPassApp Username for 'https://github.com': 
java_class_path (initial): C:/Program Files/JetBrains/WebStorm 2022.2.3/plugins/git4idea/lib/git4idea-rt.jar;C:/Program Files/JetBrains/WebStorm 2022.2.3/lib/externalProcess-rt.jar;C:/Program Files/JetBrains/WebStorm 2022.2.3/lib/app.jar;C:/Program Files/JetBrains/WebStorm 2022.2.3/lib/3rd-party-rt.jar
Launcher Type: SUN_STANDARD

[Global flags]
     intx CICompilerCount                          = 4                                         {product} {ergonomic}
     uint ConcGCThreads                            = 3                                         {product} {ergonomic}
     uint G1ConcRefinementThreads                  = 10                                        {product} {ergonomic}
   size_t G1HeapRegionSize                         = 2097152                                   {product} {ergonomic}
    uintx GCDrainStackTargetSize                   = 64                                        {product} {ergonomic}
   size_t InitialHeapSize                          = 268435456                                 {product} {ergonomic}
   size_t MarkStackSize                            = 4194304                                   {product} {ergonomic}
   size_t MaxHeapSize                              = 4282384384                                {product} {ergonomic}
   size_t MinHeapDeltaBytes                        = 2097152                                   {product} {ergonomic}
   size_t MinHeapSize                              = 8388608                                   {product} {ergonomic}
    uintx NonNMethodCodeHeapSize                   = 5839372                                {pd product} {ergonomic}
    uintx NonProfiledCodeHeapSize                  = 122909434                              {pd product} {ergonomic}
    uintx ProfiledCodeHeapSize                     = 122909434                              {pd product} {ergonomic}
    uintx ReservedCodeCacheSize                    = 251658240                              {pd product} {ergonomic}
     bool SegmentedCodeCache                       = true                                      {product} {ergonomic}
   size_t SoftMaxHeapSize                          = 4282384384                             {manageable} {ergonomic}
     bool UseCompressedClassPointers               = true                           {product lp64_product} {ergonomic}
     bool UseCompressedOops                        = true                           {product lp64_product} {ergonomic}
     bool UseG1GC                                  = true                                      {product} {ergonomic}
     bool UseLargePagesIndividualAllocation        = false                                  {pd product} {ergonomic}

Logging:
Log output configuration:
 #0: stdout all=warning uptime,level,tags
 #1: stderr all=off uptime,level,tags

Environment Variables:
JAVA_HOME=C:\Program Files\Java\jdk-15
PATH=C:/Program Files/Git/mingw64/libexec/git-core;C:/Program Files/Git/mingw64/libexec/git-core;C:\Program Files\Git\mingw64\bin;C:\Program Files\Git\usr\bin;C:\Users\Dremast\bin;C:\Program Files (x86)\Common Files\Intel\Shared Libraries\redist\intel64\compiler;C:\Program Files\Common Files\Oracle\Java\javapath;C:\Program Files (x86)\Common Files\Oracle\Java\javapath;C:\ProgramData\Oracle\Java\javapath;C:\Windows\system32;C:\Windows;C:\Windows\System32\Wbem;C:\Windows\System32\WindowsPowerShell\v1.0\;C:\Windows\System32\OpenSSH\;C:\Program Files\NVIDIA Corporation\NVIDIA NvDLISR;C:\Program Files (x86)\NVIDIA Corporation\PhysX\Common;C:\Program Files\Common Files\Autodesk Shared\;C:\Program Files\Microsoft SQL Server\120\Tools\Binn\;C:\windows\system32;C:\windows;C:\windows\System32\Wbem;C:\windows\System32\WindowsPowerShell\v1.0\;C:\windows\System32\OpenSSH\;C:\Program Files\dotnet\;C:\Program Files\Git\cmd;%NVM_HOME%;%NVM_SYMLINK%;C:\Users\Dremast\AppData\Local\Programs\Python\Python39\Scripts\;C:\Users\Dremast\AppData\Local\Programs\Python\Python39\;C:\Users\Dremast\AppData\Local\Microsoft\WindowsApps;C:\Users\Dremast\AppData\Local\Microsoft\WindowsApps;C:\Users\Dremast\AppData\Local\Programs\Microsoft VS Code\bin;C:\Users\Dremast\AppData\Roaming\npm;C:\Users\Dremast\AppData\Local\GitHubDesktop\bin;C:\Program Files\JetBrains\WebStorm 2022.2.3\bin;C:\Users\Dremast\AppData\Roaming\nvm;C:\Program Files\nodejs
USERNAME=Dremast
DISPLAY=:0.0
LC_ALL=en_US.UTF-8
TERM=xterm-256color
TMPDIR=C:\Users\Dremast\AppData\Local\Temp
OS=Windows_NT
PROCESSOR_IDENTIFIER=AMD64 Family 23 Model 1 Stepping 1, AuthenticAMD
TMP=C:\Users\Dremast\AppData\Local\Temp
TEMP=C:\Users\Dremast\AppData\Local\Temp



---------------  S Y S T E M  ---------------

OS:
 Windows 10 , 64 bit Build 18362 (10.0.18362.1500)
OS uptime: 0 days 3:24 hours

CPU: total 12 (initial active 12) (12 cores per cpu, 2 threads per core) family 23 model 1 stepping 1 microcode 0x0, cx8, cmov, fxsr, ht, mmx, 3dnowpref, sse, sse2, sse3, ssse3, sse4a, sse4.1, sse4.2, popcnt, lzcnt, tsc, tscinvbit, avx, avx2, aes, clmul, bmi1, bmi2, adx, sha, fma, vzeroupper, clflush, clflushopt

Memory: 4k page, system-wide physical 16334M (3980M free)
TotalPageFile size 21334M (AvailPageFile size 105M)
current process WorkingSet (physical memory assigned to process): 10M, peak: 10M
current process commit charge ("private bytes"): 64M, peak: 320M

vm_info: OpenJDK 64-Bit Server VM (17.0.4.1+7-b469.62) for windows-amd64 JRE (17.0.4.1+7-b469.62), built on 2022-09-22 by "builduser" with MS VC++ 16.10 / 16.11 (VS2019)

END.
